/home/nvaulin/mambaforge-pypy3/envs/quast_env/bin/quast -o quast_reports/PE/ spades_assembly/contigs.fasta -s spades_assembly/scaffolds.fasta -t 12

Version: 5.0.0

System information:
  OS: Linux-5.15.0-53-generic-x86_64-with-debian-bullseye-sid (linux_64)
  Python version: 2.7.15
  CPUs number: 16

Started: 2022-11-28 17:34:48

Logging to /media/nvaulin/Winux/BI/Projects/Prj3_pathogenicity/Pathogenicity_project_BI_2022/quast_reports/PE/quast.log

CWD: /media/nvaulin/Winux/BI/Projects/Prj3_pathogenicity/Pathogenicity_project_BI_2022
Main parameters: 
  MODE: default, threads: 12, split scaffolds: true, minimum contig length: 500, minimum alignment length: 65, \
  ambiguity: one, threshold for extensive misassembly size: 1000

Contigs:
  Pre-processing...
  1  spades_assembly/contigs.fasta ==> contigs
  1    breaking scaffolds into contigs:
  1      WARNING: nothing was broken, skipping 'contigs broken' from further analysis
  2  spades_assembly/scaffolds.fasta ==> scaffolds
  2    breaking scaffolds into contigs:
  2      213 scaffolds (scaffolds) were broken into 217 contigs (scaffolds_broken)

2022-11-28 17:34:49
Running Basic statistics processor...
  Contig files: 
    1  contigs
    2  scaffolds
    3  scaffolds_broken
  Calculating N50 and L50...
    1  contigs, N50 = 105346, L50 = 15, Total length = 5243761, GC % = 50.53, # N's per 100 kbp =  0.00
    2  scaffolds, N50 = 105346, L50 = 15, Total length = 5252701, GC % = 50.51, # N's per 100 kbp =  32.23
    3  scaffolds_broken, N50 = 105346, L50 = 15, Total length = 5246736, GC % = 50.52, # N's per 100 kbp =  0.00
  Drawing Nx plot...
    saved to /media/nvaulin/Winux/BI/Projects/Prj3_pathogenicity/Pathogenicity_project_BI_2022/quast_reports/PE/basic_stats/Nx_plot.pdf
  Drawing cumulative plot...
    saved to /media/nvaulin/Winux/BI/Projects/Prj3_pathogenicity/Pathogenicity_project_BI_2022/quast_reports/PE/basic_stats/cumulative_plot.pdf
  Drawing GC content plot...
    saved to /media/nvaulin/Winux/BI/Projects/Prj3_pathogenicity/Pathogenicity_project_BI_2022/quast_reports/PE/basic_stats/GC_content_plot.pdf
  Drawing contigs GC content plot...
    saved to /media/nvaulin/Winux/BI/Projects/Prj3_pathogenicity/Pathogenicity_project_BI_2022/quast_reports/PE/basic_stats/contigs_GC_content_plot.pdf
  Drawing scaffolds GC content plot...
    saved to /media/nvaulin/Winux/BI/Projects/Prj3_pathogenicity/Pathogenicity_project_BI_2022/quast_reports/PE/basic_stats/scaffolds_GC_content_plot.pdf
  Drawing scaffolds_broken GC content plot...
    saved to /media/nvaulin/Winux/BI/Projects/Prj3_pathogenicity/Pathogenicity_project_BI_2022/quast_reports/PE/basic_stats/scaffolds_broken_GC_content_plot.pdf
  Drawing Coverage histogram (bin size: 1x)...
    saved to /media/nvaulin/Winux/BI/Projects/Prj3_pathogenicity/Pathogenicity_project_BI_2022/quast_reports/PE/basic_stats/coverage_histogram.pdf
  Drawing contigs coverage histogram (bin size: 1x)...
    saved to /media/nvaulin/Winux/BI/Projects/Prj3_pathogenicity/Pathogenicity_project_BI_2022/quast_reports/PE/basic_stats/contigs_coverage_histogram.pdf
  Drawing scaffolds coverage histogram (bin size: 1x)...
    saved to /media/nvaulin/Winux/BI/Projects/Prj3_pathogenicity/Pathogenicity_project_BI_2022/quast_reports/PE/basic_stats/scaffolds_coverage_histogram.pdf
  Drawing scaffolds_broken coverage histogram (bin size: 1x)...
    saved to /media/nvaulin/Winux/BI/Projects/Prj3_pathogenicity/Pathogenicity_project_BI_2022/quast_reports/PE/basic_stats/scaffolds_broken_coverage_histogram.pdf
Done.

NOTICE: Genes are not predicted by default. Use --gene-finding or --glimmer option to enable it.

2022-11-28 17:34:52
Creating large visual summaries...
This may take a while: press Ctrl-C to skip this step..
  1 of 2: Creating Icarus viewers...
  2 of 2: Creating PDF with all tables and plots...
Done

2022-11-28 17:34:53
RESULTS:
  Text versions of total report are saved to /media/nvaulin/Winux/BI/Projects/Prj3_pathogenicity/Pathogenicity_project_BI_2022/quast_reports/PE/report.txt, report.tsv, and report.tex
  Text versions of transposed total report are saved to /media/nvaulin/Winux/BI/Projects/Prj3_pathogenicity/Pathogenicity_project_BI_2022/quast_reports/PE/transposed_report.txt, transposed_report.tsv, and transposed_report.tex
  HTML version (interactive tables and plots) is saved to /media/nvaulin/Winux/BI/Projects/Prj3_pathogenicity/Pathogenicity_project_BI_2022/quast_reports/PE/report.html
  PDF version (tables and plots) is saved to /media/nvaulin/Winux/BI/Projects/Prj3_pathogenicity/Pathogenicity_project_BI_2022/quast_reports/PE/report.pdf
  Icarus (contig browser) is saved to /media/nvaulin/Winux/BI/Projects/Prj3_pathogenicity/Pathogenicity_project_BI_2022/quast_reports/PE/icarus.html
  Log is saved to /media/nvaulin/Winux/BI/Projects/Prj3_pathogenicity/Pathogenicity_project_BI_2022/quast_reports/PE/quast.log

Finished: 2022-11-28 17:34:53
Elapsed time: 0:00:04.469207
NOTICEs: 1; WARNINGs: 0; non-fatal ERRORs: 0

Thank you for using QUAST!
