[18:19:58] This is prokka 1.14.6
[18:19:58] Written by Torsten Seemann <torsten.seemann@gmail.com>
[18:19:58] Homepage is https://github.com/tseemann/prokka
[18:19:58] Local time is Mon Nov 28 18:19:58 2022
[18:19:58] You are nvaulin
[18:19:58] Operating system is linux
[18:19:58] You have BioPerl 1.7.8
[18:19:58] System has 16 cores.
[18:19:58] Will use maximum of 8 cores.
[18:19:58] Annotating as >>> Bacteria <<<
[18:19:58] Generating locus_tag from 'spades_assembly_PE_MP/scaffolds.fasta' contents.
[18:19:58] Setting --locustag IFLAKNEJ from MD5 2f5a47e32d85a87c732578759b4fda9e
[18:19:58] Re-using existing --outdir prokka_output
[18:19:58] Using filename prefix: ecoliX_.XXX
[18:19:58] Setting HMMER_NCPU=1
[18:19:58] Writing log to: prokka_output/ecoliX_.log
[18:19:58] Command: /home/nvaulin/mambaforge-pypy3/envs/prokka_env/bin/prokka --outdir prokka_output --genus Escherichia --species coli --force --prefix ecoliX_ spades_assembly_PE_MP/scaffolds.fasta
[18:19:58] Appending to PATH: /home/nvaulin/mambaforge-pypy3/envs/prokka_env/bin
[18:19:58] Looking for 'aragorn' - found /home/nvaulin/mambaforge-pypy3/envs/prokka_env/bin/aragorn
[18:19:58] Determined aragorn version is 001002 from 'ARAGORN v1.2.41 Dean Laslett'
[18:19:58] Looking for 'barrnap' - found /home/nvaulin/mambaforge-pypy3/envs/prokka_env/bin/barrnap
[18:19:58] Determined barrnap version is 000009 from 'barrnap 0.9'
[18:19:58] Looking for 'blastp' - found /home/nvaulin/mambaforge-pypy3/envs/prokka_env/bin/blastp
[18:19:59] Determined blastp version is 002013 from 'blastp: 2.13.0+'
[18:19:59] Looking for 'cmpress' - found /home/nvaulin/mambaforge-pypy3/envs/prokka_env/bin/cmpress
[18:19:59] Determined cmpress version is 001001 from '# INFERNAL 1.1.4 (Dec 2020)'
[18:19:59] Looking for 'cmscan' - found /home/nvaulin/mambaforge-pypy3/envs/prokka_env/bin/cmscan
[18:19:59] Determined cmscan version is 001001 from '# INFERNAL 1.1.4 (Dec 2020)'
[18:19:59] Looking for 'egrep' - found /usr/bin/egrep
[18:19:59] Looking for 'find' - found /usr/bin/find
[18:19:59] Looking for 'grep' - found /usr/bin/grep
[18:19:59] Looking for 'hmmpress' - found /home/nvaulin/mambaforge-pypy3/envs/prokka_env/bin/hmmpress
[18:19:59] Determined hmmpress version is 003003 from '# HMMER 3.3.2 (Nov 2020); http://hmmer.org/'
[18:19:59] Looking for 'hmmscan' - found /home/nvaulin/mambaforge-pypy3/envs/prokka_env/bin/hmmscan
[18:19:59] Determined hmmscan version is 003003 from '# HMMER 3.3.2 (Nov 2020); http://hmmer.org/'
[18:19:59] Looking for 'java' - found /home/nvaulin/mambaforge-pypy3/envs/prokka_env/bin/java
[18:19:59] Looking for 'makeblastdb' - found /home/nvaulin/mambaforge-pypy3/envs/prokka_env/bin/makeblastdb
[18:19:59] Determined makeblastdb version is 002013 from 'makeblastdb: 2.13.0+'
[18:19:59] Looking for 'minced' - found /home/nvaulin/mambaforge-pypy3/envs/prokka_env/bin/minced
[18:19:59] Determined minced version is 004002 from 'minced 0.4.2'
[18:19:59] Looking for 'parallel' - found /home/nvaulin/mambaforge-pypy3/envs/prokka_env/bin/parallel
[18:19:59] Determined parallel version is 20221122 from 'GNU parallel 20221122'
[18:19:59] Looking for 'prodigal' - found /home/nvaulin/mambaforge-pypy3/envs/prokka_env/bin/prodigal
[18:19:59] Determined prodigal version is 002006 from 'Prodigal V2.6.3: February, 2016'
[18:19:59] Looking for 'prokka-genbank_to_fasta_db' - found /home/nvaulin/mambaforge-pypy3/envs/prokka_env/bin/prokka-genbank_to_fasta_db
[18:19:59] Looking for 'sed' - found /usr/bin/sed
[18:19:59] Looking for 'tbl2asn' - found /home/nvaulin/mambaforge-pypy3/envs/prokka_env/bin/tbl2asn
[18:19:59] Determined tbl2asn version is 025007 from 'tbl2asn 25.7   arguments:'
[18:19:59] Using genetic code table 11.
[18:19:59] Loading and checking input file: spades_assembly_PE_MP/scaffolds.fasta
[18:19:59] Wrote 445 contigs totalling 5537153 bp.
[18:19:59] Predicting tRNAs and tmRNAs
[18:19:59] Running: aragorn -l -gc11  -w prokka_output\/ecoliX_\.fna
[18:20:01] 1 tRNA-Lys [39437,39512] 34 (ttt)
[18:20:01] 2 tRNA-Lys [39659,39734] 34 (ttt)
[18:20:01] 3 tRNA-Lys [39768,39843] 34 (ttt)
[18:20:01] 4 tRNA-Ser c[230438,230525] 35 (gga)
[18:20:01] 5 tRNA-Ser c[337696,337783] 35 (tga)
[18:20:01] 6 tRNA-Leu c[508658,508742] 35 (caa)
[18:20:01] 7 tRNA-Gly c[614761,614836] 34 (gcc)
[18:20:01] 8 tRNA-Gly c[614873,614948] 34 (gcc)
[18:20:01] 9 tRNA-Gly c[614985,615060] 34 (gcc)
[18:20:01] 10 tRNA-Glu c[793780,793855] 35 (ttc)
[18:20:01] 11 tRNA-Thr c[827909,827984] 34 (ggt)
[18:20:01] 12 tRNA-Gly c[827991,828065] 34 (tcc)
[18:20:01] 13 tRNA-Tyr c[828182,828266] 35 (gta)
[18:20:01] 14 tRNA-Thr c[828275,828350] 34 (tgt)
[18:20:01] 15 tRNA-Glu c[835361,835436] 35 (ttc)
[18:20:01] 16 tRNA-Met [915682,915758] 35 (cat)
[18:20:01] 17 tRNA-Gln [915807,915881] 33 (ctg)
[18:20:01] 18 tRNA-Gln [915919,915993] 33 (ctg)
[18:20:01] 19 tRNA-Arg c[1037019,1037095] 35 (tct)
[18:20:01] 20 tRNA-Ser c[1254612,1254692] 38 (gga)
[18:20:01] 21 tRNA-Thr c[1342177,1342252] 34 (cgt)
[18:20:01] 22 tRNA-Asp c[1396806,1396882] 35 (gtc)
[18:20:01] 23 tRNA-Leu [1668466,1668552] 35 (cag)
[18:20:01] 24 tRNA-Leu [1668581,1668667] 35 (cag)
[18:20:01] 25 tRNA-Leu [1668702,1668788] 35 (cag)
[18:20:01] 26 tRNA-SeC c[1722302,1722396] 35 (tca)
[18:20:01] 27 tRNA-Pro [1857960,1858036] 35 (cgg)
[18:20:01] 28 tRNA-Leu [2252372,2252458] 35 (gag)
[18:20:01] 29 tRNA-Met [2256239,2256315] 35 (cat)
[18:20:01] 30 tRNA-Met c[2367693,2367768] 34 (cat)
[18:20:01] 1 tRNA-Pro [204937,205013] 35 (ggg)
[18:20:01] 2 tRNA-Arg [369799,369873] 34 (cct)
[18:20:01] 3 tRNA-Val [444114,444189] 34 (tac)
[18:20:01] 4 tRNA-Lys [444194,444269] 34 (ttt)
[18:20:01] 5 tmRNA [670556,670918] 90,125 ANDENYALAA**
[18:20:01] 6 tRNA-Met c[688203,688278] 34 (cat)
[18:20:01] 7 tRNA-Arg c[720305,720381] 35 (acg)
[18:20:01] 8 tRNA-Ser c[720760,720852] 35 (gct)
[18:20:01] 9 tRNA-Met [856789,856865] 35 (cat)
[18:20:01] 10 tRNA-Gly c[915373,915446] 33 (ccc)
[18:20:01] 11 tRNA-Phe [1030811,1030886] 34 (gaa)
[18:20:01] 1 tRNA-Val [270327,270403] 35 (gac)
[18:20:01] 2 tRNA-Val [270408,270484] 35 (gac)
[18:20:01] 1 tRNA-SeC c[17612,17706] 35 (tca)
[18:20:01] 2 tRNA-Ala c[183483,183558] 34 (tgc)
[18:20:01] 3 tRNA-Ile c[183601,183677] 35 (gat)
[18:20:01] 4 tRNA-Pro c[241687,241763] 35 (tgg)
[18:20:01] 5 tRNA-Leu c[241806,241892] 35 (cag)
[18:20:01] 6 tRNA-His c[241913,241988] 34 (gtg)
[18:20:01] 7 tRNA-Arg c[242047,242123] 35 (ccg)
[18:20:01] 8 tRNA-Trp c[277467,277542] 34 (cca)
[18:20:01] 1 tRNA-Asn c[57250,57325] 34 (gtt)
[18:20:01] 2 tRNA-Asn c[59659,59734] 34 (gtt)
[18:20:01] 3 tRNA-Asn [61483,61558] 34 (gtt)
[18:20:01] 4 tRNA-Asn c[101374,101449] 34 (gtt)
[18:20:01] 5 tRNA-Ser [102441,102530] 35 (cga)
[18:20:01] 6 tRNA-Gly [156242,156317] 34 (gcc)
[18:20:01] 7 tRNA-Cys [156372,156445] 33 (gca)
[18:20:01] 8 tRNA-Leu [156458,156544] 35 (taa)
[18:20:01] 9 tRNA-Met [214595,214670] 34 (cat)
[18:20:01] 10 tRNA-Arg [214680,214756] 35 (tcg)
[18:20:01] 11 tRNA-Arg [214770,214846] 35 (tct)
[18:20:01] 1 tRNA-Tyr [35725,35809] 35 (gta)
[18:20:01] 1 tRNA-Arg c[1927,2003] 35 (tct)
[18:20:01] 2 tRNA-Arg c[2017,2093] 35 (tcg)
[18:20:01] 1 tRNA-Thr c[105,180] 34 (ggt)
[18:20:01] 1 tRNA-Leu c[79,163] 35 (tag)
[18:20:01] 1 tRNA-Arg [62,138] 35 (tcg)
[18:20:01] 1 tRNA-Ala [1,76] 34 (ggc)
[18:20:01] 1 tRNA-Gln [1,75] 33 (ttg)
[18:20:01] Found 70 tRNAs
[18:20:01] Predicting Ribosomal RNAs
[18:20:01] Running Barrnap with 8 threads
[18:20:03] 1 NODE_1_length_2558431_cov_75.185164 790410 5S ribosomal RNA
[18:20:03] 2 NODE_1_length_2558431_cov_75.185164 790684 23S ribosomal RNA
[18:20:03] 3 NODE_1_length_2558431_cov_75.185164 793942 16S ribosomal RNA
[18:20:03] 4 NODE_1_length_2558431_cov_75.185164 831987 5S ribosomal RNA
[18:20:03] 5 NODE_1_length_2558431_cov_75.185164 832261 23S ribosomal RNA
[18:20:03] 6 NODE_1_length_2558431_cov_75.185164 835523 16S ribosomal RNA
[18:20:03] 7 NODE_1_length_2558431_cov_75.185164 1408742 16S ribosomal RNA
[18:20:03] 8 NODE_1_length_2558431_cov_75.185164 2153861 16S ribosomal RNA
[18:20:03] 9 NODE_1_length_2558431_cov_75.185164 2155899 23S ribosomal RNA
[18:20:03] 10 NODE_1_length_2558431_cov_75.185164 2158755 5S ribosomal RNA
[18:20:03] 11 NODE_272_length_223_cov_0.720238 19 5S ribosomal RNA
[18:20:03] 12 NODE_2_length_1046849_cov_73.627364 641223 5S ribosomal RNA
[18:20:03] 13 NODE_2_length_1046849_cov_73.627364 641432 23S ribosomal RNA
[18:20:03] 14 NODE_2_length_1046849_cov_73.627364 644690 16S ribosomal RNA
[18:20:03] 15 NODE_4_length_428221_cov_75.638017 180123 5S ribosomal RNA
[18:20:03] 16 NODE_4_length_428221_cov_75.638017 180397 23S ribosomal RNA
[18:20:03] 17 NODE_4_length_428221_cov_75.638017 183747 16S ribosomal RNA
[18:20:03] 18 NODE_4_length_428221_cov_75.638017 281056 16S ribosomal RNA
[18:20:03] 19 NODE_80_length_720_cov_1.094737 314 16S ribosomal RNA (partial)
[18:20:03] Found 19 rRNAs
[18:20:03] Skipping ncRNA search, enable with --rfam if desired.
[18:20:03] Total of 88 tRNA + rRNA features
[18:20:03] Searching for CRISPR repeats
[18:20:04] CRISPR1 NODE_2_length_1046849_cov_73.627364 813150 with 14 spacers
[18:20:04] Found 1 CRISPRs
[18:20:04] Predicting coding sequences
[18:20:04] Contigs total 5537153 bp, so using single mode
[18:20:04] Running: prodigal -i prokka_output\/ecoliX_\.fna -c -m -g 11 -p single -f sco -q
[18:20:11] Excluding CDS which overlaps existing RNA (rRNA) at NODE_1_length_2558431_cov_75.185164:794041..794295 on - strand
[18:20:11] Excluding CDS which overlaps existing RNA (rRNA) at NODE_1_length_2558431_cov_75.185164:835622..835876 on - strand
[18:20:11] Excluding CDS which overlaps existing RNA (tRNA) at NODE_1_length_2558431_cov_75.185164:1254377..1254622 on - strand
[18:20:11] Excluding CDS which overlaps existing RNA (rRNA) at NODE_1_length_2558431_cov_75.185164:1408841..1409095 on - strand
[18:20:12] Excluding CDS which overlaps existing RNA (rRNA) at NODE_1_length_2558431_cov_75.185164:2155045..2155299 on + strand
[18:20:12] Excluding CDS which overlaps existing RNA (rRNA) at NODE_2_length_1046849_cov_73.627364:644789..645043 on - strand
[18:20:12] Excluding CDS which overlaps existing RNA (tRNA) at NODE_2_length_1046849_cov_73.627364:1030799..1031020 on + strand
[18:20:12] Excluding CDS which overlaps existing RNA (rRNA) at NODE_4_length_428221_cov_75.638017:183846..184100 on - strand
[18:20:12] Excluding CDS which overlaps existing RNA (rRNA) at NODE_4_length_428221_cov_75.638017:281155..281409 on - strand
[18:20:12] Excluding CDS which overlaps existing RNA (tRNA) at NODE_5_length_215088_cov_74.613036:214776..214955 on - strand
[18:20:13] Excluding CDS which overlaps existing RNA (tRNA) at NODE_6_length_209987_cov_72.294605:35716..35988 on - strand
[18:20:13] Excluding CDS which overlaps existing RNA (rRNA) at NODE_80_length_720_cov_1.094737:378..644 on + strand
[18:20:13] Found 5106 CDS
[18:20:13] Connecting features back to sequences
[18:20:13] Not using genus-specific database. Try --usegenus to enable it.
[18:20:13] Annotating CDS, please be patient.
[18:20:13] Will use 8 CPUs for similarity searching.
[18:20:16] There are still 5106 unannotated CDS left (started with 5106)
[18:20:16] Will use blast to search against /home/nvaulin/mambaforge-pypy3/envs/prokka_env/db/kingdom/Bacteria/IS with 8 CPUs
[18:20:16] Running: cat prokka_output\/ecoliX_\.IS\.tmp\.10592\.faa | parallel --gnu --plain -j 8 --block 99372 --recstart '>' --pipe blastp -query - -db /home/nvaulin/mambaforge-pypy3/envs/prokka_env/db/kingdom/Bacteria/IS -evalue 1e-30 -qcov_hsp_perc 90 -num_threads 1 -num_descriptions 1 -num_alignments 1 -seg no > prokka_output\/ecoliX_\.IS\.tmp\.10592\.blast 2> /dev/null
[18:20:33] Deleting unwanted file: prokka_output/ecoliX_.IS.tmp.10592.faa
[18:20:33] Deleting unwanted file: prokka_output/ecoliX_.IS.tmp.10592.blast
[18:20:37] There are still 5030 unannotated CDS left (started with 5106)
[18:20:37] Will use blast to search against /home/nvaulin/mambaforge-pypy3/envs/prokka_env/db/kingdom/Bacteria/AMR with 8 CPUs
[18:20:37] Running: cat prokka_output\/ecoliX_\.AMR\.tmp\.10592\.faa | parallel --gnu --plain -j 8 --block 98147 --recstart '>' --pipe blastp -query - -db /home/nvaulin/mambaforge-pypy3/envs/prokka_env/db/kingdom/Bacteria/AMR -evalue 1e-300 -qcov_hsp_perc 90 -num_threads 1 -num_descriptions 1 -num_alignments 1 -seg no > prokka_output\/ecoliX_\.AMR\.tmp\.10592\.blast 2> /dev/null
[18:20:49] Deleting unwanted file: prokka_output/ecoliX_.AMR.tmp.10592.faa
[18:20:49] Deleting unwanted file: prokka_output/ecoliX_.AMR.tmp.10592.blast
[18:20:52] There are still 5030 unannotated CDS left (started with 5106)
[18:20:52] Will use blast to search against /home/nvaulin/mambaforge-pypy3/envs/prokka_env/db/kingdom/Bacteria/sprot with 8 CPUs
[18:20:52] Running: cat prokka_output\/ecoliX_\.sprot\.tmp\.10592\.faa | parallel --gnu --plain -j 8 --block 98147 --recstart '>' --pipe blastp -query - -db /home/nvaulin/mambaforge-pypy3/envs/prokka_env/db/kingdom/Bacteria/sprot -evalue 1e-09 -qcov_hsp_perc 80 -num_threads 1 -num_descriptions 1 -num_alignments 1 -seg no > prokka_output\/ecoliX_\.sprot\.tmp\.10592\.blast 2> /dev/null
[18:21:55] Modify product: Probable glycerol-3-phosphate acyltransferase => putative glycerol-3-phosphate acyltransferase
[18:21:55] Modify product: Uncharacterized fimbrial-like protein YbgD => putative fimbrial-like protein YbgD
[18:21:55] Modify product: Probable quinol monooxygenase YgiN => putative quinol monooxygenase YgiN
[18:21:55] Modify product: Uncharacterized oxidoreductase YghA => putative oxidoreductase YghA
[18:21:55] Modify product: Probable Ni/Fe-hydrogenase 2 b-type cytochrome subunit => putative Ni/Fe-hydrogenase 2 b-type cytochrome subunit
[18:21:55] Modify product: Uncharacterized protein YtfJ => putative protein YtfJ
[18:21:55] Modify product: Uncharacterized FAD-linked oxidoreductase Rv2280 => putative FAD-linked oxidoreductase
[18:21:55] Modify product: UPF0758 protein YsxA => hypothetical protein
[18:21:55] Modify product: UPF0401 protein YkfF => hypothetical protein
[18:21:55] Modify product: UPF0394 inner membrane protein YeeE => hypothetical protein
[18:21:55] Modify product: UPF0053 inner membrane protein YoaE => hypothetical protein
[18:21:55] Modify product: Probable diguanylate cyclase DgcE => putative diguanylate cyclase DgcE
[18:21:55] Modify product: UPF0339 protein YegP => hypothetical protein
[18:21:55] Modify product: 23S rRNA 5-hydroxycytidine C2501 synthase => 23S rRNA 5-hydroxycytidine synthase
[18:21:55] Modify product: Uncharacterized fimbrial-like protein YehA => putative fimbrial-like protein YehA
[18:21:55] Modify product: Probable fimbrial chaperone YehC => putative fimbrial chaperone YehC
[18:21:55] Modify product: Uncharacterized fimbrial-like protein YehD => putative fimbrial-like protein YehD
[18:21:55] Modify product: Uncharacterized protein YehL => putative protein YehL
[18:21:55] Modify product: Probable [Fe-S]-dependent transcriptional repressor FeoC => putative [Fe-S]-dependent transcriptional repressor FeoC
[18:21:55] Modify product: Putative membrane protein IgaA homolog => Putative membrane protein IgaA 
[18:21:55] Modify product: Uncharacterized protein YhfX => putative protein YhfX
[18:21:55] Modify product: Uncharacterized protein YhfS => putative protein YhfS
[18:21:55] Modify product: Probable fructoselysine utilization operon transcriptional repressor => putative fructoselysine utilization operon transcriptional repressor
[18:21:55] Modify product: Probable fructoselysine/psicoselysine transporter FrlA => putative fructoselysine/psicoselysine transporter FrlA
[18:21:55] Modify product: Uncharacterized protein YhfG => putative protein YhfG
[18:21:55] Modify product: Probable protein adenylyltransferase Fic => putative protein adenylyltransferase Fic
[18:21:55] Modify product: UPF0270 protein PA3463 => hypothetical protein
[18:21:55] Modify product: Uncharacterized ABC transporter ATP-binding protein YheS => putative ABC transporter ATP-binding protein YheS
[18:21:55] Modify product: Protein SlyX homolog => Protein SlyX 
[18:21:55] Modify product: Uncharacterized membrane protein YhdT => putative membrane protein YhdT
[18:21:55] Modify product: Probable acrylyl-CoA reductase AcuI => putative acrylyl-CoA reductase AcuI
[18:21:55] Modify product: Uncharacterized protein YhcO => putative protein YhcO
[18:21:55] Modify product: Uncharacterized protein YhcH => putative protein YhcH
[18:21:55] Modify product: Uncharacterized protein YrbL => putative protein YrbL
[18:21:55] Modify product: Uncharacterized inner membrane transporter YhbE => putative inner membrane transporter YhbE
[18:21:55] Modify product: Uncharacterized protease YhbU => putative protease YhbU
[18:21:55] Modify product: UPF0213 protein BH0048 => hypothetical protein
[18:21:55] Modify product: Uncharacterized fimbrial-like protein YraK => putative fimbrial-like protein YraK
[18:21:55] Modify product: Probable fimbrial chaperone YraI => putative fimbrial chaperone YraI
[18:21:55] Modify product: Uncharacterized fimbrial-like protein YraH => putative fimbrial-like protein YraH
[18:21:55] Modify product: Probable galactarate transporter => putative galactarate transporter
[18:21:55] Modify product: Probable serine transporter => putative serine transporter
[18:21:55] Modify product: UPF0597 protein YhaM => hypothetical protein
[18:21:55] Modify product: Uncharacterized protein YqjD => putative protein YqjD
[18:21:55] Modify product: Probable Ni/Fe-hydrogenase 1 B-type cytochrome subunit => putative Ni/Fe-hydrogenase 1 B-type cytochrome subunit
[18:21:55] Modify product: Uncharacterized lipoprotein GfcB => putative lipoprotein GfcB
[18:21:55] Modify product: Uncharacterized protein YccJ => putative protein YccJ
[18:21:55] Modify product: Probable malonic semialdehyde reductase RutE => putative malonic semialdehyde reductase RutE
[18:21:55] Modify product: Probable diguanylate cyclase DgcT => putative diguanylate cyclase DgcT
[18:21:55] Modify product: Uncharacterized HTH-type transcriptional regulator YbbH => putative HTH-type transcriptional regulator YbbH
[18:21:55] Modify product: Uncharacterized protein YjgL => putative protein YjgL
[18:21:55] Modify product: Uncharacterized protein YjgL => putative protein YjgL
[18:21:55] Modify product: UPF0307 protein YjgA => hypothetical protein
[18:21:55] Modify product: UPF0053 inner membrane protein YtfL => hypothetical protein
[18:21:55] Modify product: Uncharacterized protein YtfJ => putative protein YtfJ
[18:21:56] Modify product: Probable L-ascorbate-6-phosphate lactonase UlaG => putative L-ascorbate-6-phosphate lactonase UlaG
[18:21:56] Modify product: UPF0719 inner membrane protein YjfL => hypothetical protein
[18:21:56] Modify product: UPF0716 protein FxsA => hypothetical protein
[18:21:56] Modify product: Probable cadaverine/lysine antiporter => putative cadaverine/lysine antiporter
[18:21:56] Modify product: Uncharacterized protein YjdJ => putative protein YjdJ
[18:21:56] Modify product: Probable transcriptional regulator PhnF => putative transcriptional regulator PhnF
[18:21:56] Modify product: Uncharacterized methyltransferase YcgJ => putative methyltransferase YcgJ
[18:21:56] Modify product: Uncharacterized protein YaeQ => putative protein YaeQ
[18:21:56] Modify product: UPF0253 protein YaeP => hypothetical protein
[18:21:56] Modify product: UPF0126 inner membrane protein YadS => hypothetical protein
[18:21:56] Modify product: Uncharacterized fimbrial-like protein YadN => putative fimbrial-like protein YadN
[18:21:56] Modify product: Probable fimbrial chaperone YadV => putative fimbrial chaperone YadV
[18:21:56] Modify product: Uncharacterized fimbrial-like protein YadM => putative fimbrial-like protein YadM
[18:21:56] Modify product: Uncharacterized fimbrial-like protein YadL => putative fimbrial-like protein YadL
[18:21:56] Modify product: Uncharacterized fimbrial-like protein YadK => putative fimbrial-like protein YadK
[18:21:56] Modify product: Uncharacterized fimbrial-like protein YadC => putative fimbrial-like protein YadC
[18:21:56] Modify product: Uncharacterized ABC transporter ATP-binding protein YadG => putative ABC transporter ATP-binding protein YadG
[18:21:56] Modify product: UPF0231 protein YacL => hypothetical protein
[18:21:56] Modify product: Probable peptidoglycan glycosyltransferase FtsW => putative peptidoglycan glycosyltransferase FtsW
[18:21:56] Modify product: Probable inner membrane protein Smp => putative inner membrane protein Smp
[18:21:56] Modify product: Uncharacterized protein YjjI => putative protein YjjI
[18:21:56] Modify product: Uncharacterized metal-dependent hydrolase YjjV => putative metal-dependent hydrolase YjjV
[18:21:56] Modify product: UPF0442 protein YjjB => hypothetical protein
[18:21:56] Modify product: Probable HTH-type transcriptional regulator LgoR => putative HTH-type transcriptional regulator LgoR
[18:21:56] Modify product: Probable L-galactonate transporter => putative L-galactonate transporter
[18:21:56] Modify product: Uncharacterized ferredoxin-like protein YdhX => putative ferredoxin-like protein YdhX
[18:21:56] Modify product: Probable cyclic di-GMP phosphodiesterase PdeC => putative cyclic di-GMP phosphodiesterase PdeC
[18:21:56] Modify product: Uncharacterized protein YjbR => putative protein YjbR
[18:21:56] Modify product: UPF0337 protein YjbJ => hypothetical protein
[18:21:56] Modify product: Uncharacterized lipoprotein GfcB => putative lipoprotein GfcB
[18:21:56] Modify product: Uncharacterized protein HI_0431 => putative protein
[18:21:56] Modify product: Probable L-galactonate transporter => putative L-galactonate transporter
[18:21:56] Modify product: Probable cystine transporter YijE => putative cystine transporter YijE
[18:21:56] Modify product: Uncharacterized protein YbfE => putative protein YbfE
[18:21:56] Modify product: Uncharacterized lipoprotein ChiQ => putative lipoprotein ChiQ
[18:21:56] Modify product: UPF0250 protein YbeD => hypothetical protein
[18:21:56] Modify product: Uncharacterized HTH-type transcriptional regulator YbdO => putative HTH-type transcriptional regulator YbdO
[18:21:56] Modify product: Probable zinc-binding alcohol dehydrogenase Rv1895 => putative zinc-binding alcohol dehydrogenase
[18:21:56] Modify product: Uncharacterized HTH-type transcriptional regulator YbdO => putative HTH-type transcriptional regulator YbdO
[18:21:56] Modify product: Uncharacterized protein YbdM => putative protein YbdM
[18:21:56] Modify product: Probable type I restriction enzyme BthVORF4518P M protein => putative type I restriction enzymeP M protein
[18:21:56] Modify product: Uncharacterized protein YjiK => putative protein YjiK
[18:21:56] Modify product: Probable RNA 2'-phosphotransferase => putative RNA 2'-phosphotransferase
[18:21:56] Modify product: UPF0126 inner membrane protein YicG => hypothetical protein
[18:21:56] Modify product: UPF0701 protein YicC => hypothetical protein
[18:21:56] Modify product: UPF0758 protein SP_1088 => hypothetical protein
[18:21:56] Modify product: Uncharacterized protein HI_0755 => putative protein
[18:21:56] Modify product: Uncharacterized protein YibN => putative protein YibN
[18:21:56] Modify product: Uncharacterized protein YibL => putative protein YibL
[18:21:56] Modify product: Uncharacterized GST-like protein YibF => putative GST-like protein YibF
[18:21:56] Modify product: Uncharacterized protein YhcH => putative protein YhcH
[18:21:56] Modify product: Probable lipoprotein YiaD => putative lipoprotein YiaD
[18:21:56] Modify product: Uncharacterized MFS-type transporter YhjX => putative MFS-type transporter YhjX
[18:21:56] Modify product: Probable major fimbrial subunit LpfA => putative major fimbrial subunit LpfA
[18:21:56] Modify product: Probable fimbrial chaperone LpfB => putative fimbrial chaperone LpfB
[18:21:56] Modify product: Probable minor fimbrial subunit LpfD => putative minor fimbrial subunit LpfD
[18:21:56] Modify product: Probable fimbrial subunit LpfE => putative fimbrial subunit LpfE
[18:21:56] Modify product: Probable cyclic di-GMP phosphodiesterase PdeK => putative cyclic di-GMP phosphodiesterase PdeK
[18:21:56] Modify product: Uncharacterized protein HI_0933 => putative protein
[18:21:56] Modify product: Probable copper-binding protein PcoE => putative copper-binding protein PcoE
[18:21:56] Modify product: Uncharacterized MFS-type transporter YhhS => putative MFS-type transporter YhhS
[18:21:57] Modify product: Uncharacterized protein YhhA => putative protein YhhA
[18:21:57] Modify product: Uncharacterized oxidoreductase YhhX => putative oxidoreductase YhhX
[18:21:57] Modify product: UPF0056 inner membrane protein YhgN => hypothetical protein
[18:21:57] Modify product: Uncharacterized fimbrial-like protein SfmF => putative fimbrial-like protein SfmF
[18:21:57] Modify product: Uncharacterized fimbrial-like protein SfmH => putative fimbrial-like protein SfmH
[18:21:57] Modify product: Probable fimbrial chaperone SfmC => putative fimbrial chaperone SfmC
[18:21:57] Modify product: Uncharacterized fimbrial-like protein SfmA => putative fimbrial-like protein SfmA
[18:21:57] Modify product: Bifunctional protein FolD => Bifunctional protein FolD protein
[18:21:57] Modify product: Uncharacterized protein YbcJ => putative protein YbcJ
[18:21:57] Modify product: Uncharacterized protein YbbC => putative protein YbbC
[18:21:57] Modify product: Probable iron export permease protein FetB => putative iron export permease protein FetB
[18:21:57] Modify product: Probable iron export ATP-binding protein FetA => putative iron export ATP-binding protein FetA
[18:21:57] Modify product: Uncharacterized HTH-type transcriptional regulator YbaQ => putative HTH-type transcriptional regulator YbaQ
[18:21:57] Modify product: Probable cyclic di-GMP phosphodiesterase PdeB => putative cyclic di-GMP phosphodiesterase PdeB
[18:21:57] Modify product: Uncharacterized protein YbaA => putative protein YbaA
[18:21:57] Modify product: Uncharacterized lipoprotein YbaY => putative lipoprotein YbaY
[18:21:57] Modify product: Probable multidrug resistance ABC transporter ATP-binding/permease protein YheI => putative multidrug resistance ABC transporter ATP-binding/permease protein YheI
[18:21:57] Modify product: Uncharacterized protein HI_1008 => putative protein
[18:21:57] Modify product: UPF0234 protein YajQ => hypothetical protein
[18:21:57] Modify product: Uncharacterized lipoprotein YajI => putative lipoprotein YajI
[18:21:57] Modify product: Uncharacterized lipoprotein YajI => putative lipoprotein YajI
[18:21:57] Modify product: Uncharacterized protein YaiA => putative protein YaiA
[18:21:57] Modify product: UPF0178 protein YaiI => hypothetical protein
[18:21:57] Modify product: Probable diguanylate cyclase DgcC => putative diguanylate cyclase DgcC
[18:21:57] Modify product: Uncharacterized transporter YycB => putative transporter YycB
[18:21:57] Modify product: Uncharacterized HTH-type transcriptional regulator YahB => putative HTH-type transcriptional regulator YahB
[18:21:57] Modify product: Probable pyridine nucleotide-disulfide oxidoreductase RclA => putative pyridine nucleotide-disulfide oxidoreductase RclA
[18:21:57] Modify product: Uncharacterized membrane protein YkgR => putative membrane protein YkgR
[18:21:57] Modify product: Probable fimbrial chaperone EcpB => putative fimbrial chaperone EcpB
[18:21:57] Modify product: Probable outer membrane usher protein EcpC => putative outer membrane usher protein EcpC
[18:21:57] Modify product: Probable fimbrial chaperone EcpE => putative fimbrial chaperone EcpE
[18:21:57] Modify product: UPF0255 protein VV1_0328 => hypothetical protein
[18:21:57] Modify product: Uncharacterized N-acetyltransferase YafP => putative N-acetyltransferase YafP
[18:21:57] Modify product: GTP cyclohydrolase 1 type 2 homolog => GTP cyclohydrolase 1 type 2 
[18:21:57] Modify product: Uncharacterized fimbrial-like protein YbgD => putative fimbrial-like protein YbgD
[18:21:57] Modify product: Uncharacterized HTH-type transcriptional regulator HI_1476 => putative HTH-type transcriptional regulator
[18:21:57] Modify product: Uncharacterized protein YlcG => putative protein YlcG
[18:21:57] Modify product: Uncharacterized protein YdfO => putative protein YdfO
[18:21:57] Modify product: Prophage tail fiber assembly protein homolog TfaE => Prophage tail fiber assembly protein TfaE
[18:21:57] Modify product: Probable diguanylate cyclase CdgI => putative diguanylate cyclase CdgI
[18:21:57] Modify product: UPF0098 protein YbhB => hypothetical protein
[18:21:57] Modify product: Probable multidrug ABC transporter permease YbhR => putative multidrug ABC transporter permease YbhR
[18:21:57] Modify product: Probable multidrug ABC transporter permease YbhS => putative multidrug ABC transporter permease YbhS
[18:21:57] Modify product: Probable multidrug ABC transporter ATP-binding protein YbhF => putative multidrug ABC transporter ATP-binding protein YbhF
[18:21:57] Modify product: UPF0194 membrane protein YbhG => hypothetical protein
[18:21:57] Modify product: Uncharacterized protein YbiB => putative protein YbiB
[18:21:57] Modify product: Uncharacterized protein YbiI => putative protein YbiI
[18:21:57] Modify product: PKHD-type hydroxylase Sbal_3634 => PKHD-type hydroxylase
[18:21:57] Modify product: Uncharacterized protein McbA => putative protein McbA
[18:21:57] Modify product: Probable L,D-transpeptidase YbiS => putative L,D-transpeptidase YbiS
[18:21:57] Modify product: Uncharacterized ABC transporter ATP-binding protein YbiT => putative ABC transporter ATP-binding protein YbiT
[18:21:57] Modify product: Uncharacterized protein YbiU => putative protein YbiU
[18:21:57] Modify product: Probable cyclic di-GMP phosphodiesterase PdeI => putative cyclic di-GMP phosphodiesterase PdeI
[18:21:57] Modify product: Uncharacterized protein YbjN => putative protein YbjN
[18:21:57] Modify product: Uncharacterized lipoprotein YbjP => putative lipoprotein YbjP
[18:21:57] Modify product: UPF0145 protein YbjQ => hypothetical protein
[18:21:57] Modify product: Probable hydrolase YcaC => putative hydrolase YcaC
[18:21:57] Modify product: Uncharacterized MFS-type transporter YcaD => putative MFS-type transporter YcaD
[18:21:57] Modify product: Probable formate transporter 1 => putative formate transporter 1
[18:21:57] Modify product: UPF0434 protein YcaR => hypothetical protein
[18:21:57] Modify product: Probable L,D-transpeptidase YcbB => putative L,D-transpeptidase YcbB
[18:21:57] Modify product: Probable fimbrial chaperone protein ElfD => putative fimbrial chaperone protein ElfD
[18:21:57] Modify product: Probable outer membrane usher protein ElfC => putative outer membrane usher protein ElfC
[18:21:57] Modify product: Uncharacterized fimbrial-like protein ElfG => putative fimbrial-like protein ElfG
[18:21:57] Modify product: Uncharacterized fimbrial-like protein YcbU => putative fimbrial-like protein YcbU
[18:21:57] Modify product: Uncharacterized fimbrial-like protein YcbV => putative fimbrial-like protein YcbV
[18:21:57] Modify product: Uncharacterized fimbrial chaperone YcbF => putative fimbrial chaperone YcbF
[18:21:57] Modify product: Uncharacterized protein YcbX => putative protein YcbX
[18:21:57] Modify product: UPF0319 protein HI_1681 => hypothetical protein
[18:21:57] Modify product: Uncharacterized protein YccU => putative protein YccU
[18:21:57] Modify product: Uncharacterized lipoprotein YehR => putative lipoprotein YehR
[18:21:57] Modify product: UPF0387 membrane protein YohO => hypothetical protein
[18:21:57] Modify product: Uncharacterized oxidoreductase YohF => putative oxidoreductase YohF
[18:21:57] Modify product: UPF0299 membrane protein YohJ => hypothetical protein
[18:21:57] Modify product: UPF0324 inner membrane protein YeiH => hypothetical protein
[18:21:57] Modify product: UPF0153 protein YeiW => hypothetical protein
[18:21:57] Modify product: Probable cyclic di-GMP phosphodiesterase PdeN => putative cyclic di-GMP phosphodiesterase PdeN
[18:21:57] Modify product: Uncharacterized ABC transporter ATP-binding protein YejF => putative ABC transporter ATP-binding protein YejF
[18:21:57] Modify product: Uncharacterized protein YejG => putative protein YejG
[18:21:57] Modify product: UPF0352 protein YejL => hypothetical protein
[18:21:57] Modify product: Probable autotransporter ROD_p1121 => putative autotransporter
[18:21:57] Modify product: Probable autotransporter YfaL => putative autotransporter YfaL
[18:21:57] Modify product: Probable 4-deoxy-4-formamido-L-arabinose-phosphoundecaprenol deformylase ArnD => putative 4-deoxy-4-formamido-L-arabinose-phosphoundecaprenol deformylase ArnD
[18:21:57] Modify product: Probable 4-amino-4-deoxy-L-arabinose-phosphoundecaprenol flippase subunit ArnE => putative 4-amino-4-deoxy-L-arabinose-phosphoundecaprenol flippase subunit ArnE
[18:21:57] Modify product: Probable 4-amino-4-deoxy-L-arabinose-phosphoundecaprenol flippase subunit ArnF => putative 4-amino-4-deoxy-L-arabinose-phosphoundecaprenol flippase subunit ArnF
[18:21:57] Modify product: UPF0304 protein YfbU => hypothetical protein
[18:21:57] Modify product: UPF0208 membrane protein YfbV => hypothetical protein
[18:21:57] Modify product: Uncharacterized Nudix hydrolase YfcD => putative Nudix hydrolase YfcD
[18:21:57] Modify product: Epimerase family protein SA0724 => Epimerase family protein
[18:21:57] Modify product: Uncharacterized MFS-type transporter YfcJ => putative MFS-type transporter YfcJ
[18:21:57] Modify product: Probable membrane transporter protein YfcA => putative membrane transporter protein YfcA
[18:21:57] Modify product: Uncharacterized protein YfcO => putative protein YfcO
[18:21:57] Modify product: Uncharacterized fimbrial-like protein YfcP => putative fimbrial-like protein YfcP
[18:21:57] Modify product: Uncharacterized fimbrial-like protein YfcQ => putative fimbrial-like protein YfcQ
[18:21:57] Modify product: Uncharacterized fimbrial-like protein YfcR => putative fimbrial-like protein YfcR
[18:21:57] Modify product: Probable fimbrial chaperone YfcS => putative fimbrial chaperone YfcS
[18:21:57] Modify product: Uncharacterized fimbrial-like protein YfcV => putative fimbrial-like protein YfcV
[18:21:57] Modify product: UPF0381 protein YiiS => hypothetical protein
[18:21:57] Modify product: Uncharacterized protein HI_1410 => putative protein
[18:21:57] Modify product: Probable multidrug resistance protein EmrY => putative multidrug resistance protein EmrY
[18:21:57] Modify product: Probable multidrug resistance protein EmrK => putative multidrug resistance protein EmrK
[18:21:57] Modify product: Probable cyclic di-GMP phosphodiesterase PdeA => putative cyclic di-GMP phosphodiesterase PdeA
[18:21:57] Modify product: UPF0056 inner membrane protein MarC => hypothetical protein
[18:21:57] Modify product: Probable amino-acid metabolite efflux pump => putative amino-acid metabolite efflux pump
[18:21:57] Modify product: UPF0060 membrane protein YnfA => hypothetical protein
[18:21:57] Modify product: UPF0482 protein YnfB => hypothetical protein
[18:21:58] Modify product: Uncharacterized protein YnfD => putative protein YnfD
[18:21:58] Modify product: Probable dimethyl sulfoxide reductase chain YnfF => putative dimethyl sulfoxide reductase chain YnfF
[18:21:58] Modify product: Uncharacterized oxidoreductase YdgJ => putative oxidoreductase YdgJ
[18:21:58] Modify product: Uncharacterized protein YnhF => putative protein YnhF
[18:21:58] Modify product: Uncharacterized HTH-type transcriptional regulator YahB => putative HTH-type transcriptional regulator YahB
[18:21:58] Modify product: Probable autotransporter ROD_p1121 => putative autotransporter
[18:21:58] Modify product: Uncharacterized protein YdhT => putative protein YdhT
[18:21:58] Modify product: Uncharacterized ferredoxin-like protein YdhX => putative ferredoxin-like protein YdhX
[18:21:58] Modify product: Uncharacterized protein YdhW => putative protein YdhW
[18:21:58] Modify product: Uncharacterized oxidoreductase YdhV => putative oxidoreductase YdhV
[18:21:58] Modify product: Uncharacterized ferredoxin-like protein YdhY => putative ferredoxin-like protein YdhY
[18:21:58] Modify product: Probable L,D-transpeptidase YnhG => putative L,D-transpeptidase YnhG
[18:21:58] Modify product: Probable ATP-dependent transporter SufC => putative ATP-dependent transporter SufC
[18:21:58] Modify product: Uncharacterized protein HI_1163 => putative protein
[18:21:58] Modify product: Uncharacterized protein YdiE => putative protein YdiE
[18:21:58] Modify product: Prophage tail fiber assembly protein homolog TfaE => Prophage tail fiber assembly protein TfaE
[18:21:58] Modify product: Uncharacterized protein YniD => putative protein YniD
[18:21:58] Modify product: Probable ketoamine kinase lp_1983 => putative ketoamine kinase
[18:21:58] Modify product: Uncharacterized protein YfeY => putative protein YfeY
[18:21:58] Modify product: Uncharacterized protein Rv2575 => putative protein
[18:21:58] Modify product: Probable formate transporter 2 => putative formate transporter 2
[18:21:58] Modify product: Uncharacterized protein YfgD => putative protein YfgD
[18:21:58] Modify product: Uncharacterized protein YfgJ => putative protein YfgJ
[18:21:58] Modify product: UPF0070 protein HI_0370 => hypothetical protein
[18:21:58] Modify product: Uncharacterized protein Rv2307c => putative protein
[18:21:58] Modify product: Probable 3-phenylpropionic acid transporter => putative 3-phenylpropionic acid transporter
[18:21:58] Modify product: Uncharacterized protein YphB => putative protein YphB
[18:21:58] Modify product: Uncharacterized tRNA/rRNA methyltransferase YfiF => putative tRNA/rRNA methyltransferase YfiF
[18:21:58] Modify product: UPF0053 inner membrane protein YfjD => hypothetical protein
[18:21:58] Modify product: UPF0125 protein RatB => hypothetical protein
[18:21:58] Modify product: Probable HTH-type transcriptional regulator YgaV => putative HTH-type transcriptional regulator YgaV
[18:21:58] Modify product: Uncharacterized protein YgaM => putative protein YgaM
[18:21:58] Modify product: Probable transporter SCO4007 => putative transporter
[18:21:58] Modify product: Probable UbiX-like flavin prenyltransferase => putative UbiX-like flavin prenyltransferase
[18:21:58] Modify product: Uncharacterized protein YgcP => putative protein YgcP
[18:21:58] Modify product: Uncharacterized protein YqcG => putative protein YqcG
[18:21:58] Modify product: Probable glucarate transporter => putative glucarate transporter
[18:21:58] Modify product: Uncharacterized protein PA3435 => putative protein
[18:21:58] Modify product: Uncharacterized protein YqcC => putative protein YqcC
[18:21:58] Modify product: Uncharacterized HTH-type transcriptional regulator YdjF => putative HTH-type transcriptional regulator YdjF
[18:21:58] Modify product: UPF0382 inner membrane protein YgdD => hypothetical protein
[18:21:58] Modify product: Uncharacterized lipoprotein YgdR => putative lipoprotein YgdR
[18:21:58] Modify product: UPF0053 inner membrane protein YgdQ => hypothetical protein
[18:21:58] Modify product: Uncharacterized lipoprotein YgdR => putative lipoprotein YgdR
[18:21:58] Modify product: Uncharacterized response regulatory protein YgeK => putative response regulatory protein YgeK
[18:21:58] Modify product: Uncharacterized protein YqfG => putative protein YqfG
[18:21:58] Modify product: UPF0073 inner membrane protein YqfA => hypothetical protein
[18:21:58] Modify product: UPF0267 protein YqfB => hypothetical protein
[18:21:58] Modify product: Uncharacterized oxidoreductase YgfF => putative oxidoreductase YgfF
[18:21:58] Modify product: UPF0149 protein HI_0817 => hypothetical protein
[18:21:58] Modify product: UPF0301 protein YqgE => hypothetical protein
[18:21:58] Modify product: Uncharacterized protein YggR => putative protein YggR
[18:21:58] Modify product: UPF0235 protein YggU => hypothetical protein
[18:21:58] Modify product: Uncharacterized protein HI_0341 => putative protein
[18:21:58] Modify product: Probable Fe(2+)-trafficking protein => putative Fe(2+)-trafficking protein
[18:21:58] Modify product: Uncharacterized isomerase YddE => putative isomerase YddE
[18:21:58] Modify product: Probable nitrate reductase molybdenum cofactor assembly chaperone NarW => putative nitrate reductase molybdenum cofactor assembly chaperone NarW
[18:21:58] Modify product: Uncharacterized HTH-type transcriptional regulator YddM => putative HTH-type transcriptional regulator YddM
[18:21:58] Modify product: Probable D,D-dipeptide transport ATP-binding protein DdpF => putative D,D-dipeptide transport ATP-binding protein DdpF
[18:21:58] Modify product: Probable D,D-dipeptide transport ATP-binding protein DdpD => putative D,D-dipeptide transport ATP-binding protein DdpD
[18:21:58] Modify product: Probable D,D-dipeptide transport system permease protein DdpC => putative D,D-dipeptide transport system permease protein DdpC
[18:21:58] Modify product: Probable D,D-dipeptide transport system permease protein DdpB => putative D,D-dipeptide transport system permease protein DdpB
[18:21:58] Modify product: Probable D,D-dipeptide-binding periplasmic protein DdpA => putative D,D-dipeptide-binding periplasmic protein DdpA
[18:21:58] Modify product: Probable glutamate/gamma-aminobutyrate antiporter => putative glutamate/gamma-aminobutyrate antiporter
[18:21:58] Modify product: UPF0401 protein YkfF => hypothetical protein
[18:21:58] Modify product: UPF0758 protein CT0611 => hypothetical protein
[18:21:58] Modify product: Uncharacterized HTH-type transcriptional regulator YdjF => putative HTH-type transcriptional regulator YdjF
[18:21:58] Modify product: Uncharacterized sugar kinase YdjH => putative sugar kinase YdjH
[18:21:58] Modify product: Uncharacterized protein YdjI => putative protein YdjI
[18:21:58] Modify product: Uncharacterized zinc-type alcohol dehydrogenase-like protein YdjJ => putative zinc-type alcohol dehydrogenase-like protein YdjJ
[18:21:58] Modify product: Stress response UPF0229 protein YhbH => hypothetical protein
[18:21:58] Modify product: Probable diguanylate cyclase CdgI => putative diguanylate cyclase CdgI
[18:21:58] Modify product: Probable diguanylate cyclase DgcJ => putative diguanylate cyclase DgcJ
[18:21:58] Modify product: Uncharacterized protein YeaR => putative protein YeaR
[18:21:58] Modify product: Probable ATP-dependent DNA helicase YoaA => putative ATP-dependent DNA helicase YoaA
[18:21:58] Modify product: Probable cyclic di-GMP phosphodiesterase PdeD => putative cyclic di-GMP phosphodiesterase PdeD
[18:21:58] Modify product: UPF0053 inner membrane protein YoaE => hypothetical protein
[18:21:58] Modify product: UPF0266 membrane protein YobD => hypothetical protein
[18:21:58] Modify product: Probable manganese efflux pump MntP => putative manganese efflux pump MntP
[18:21:58] Modify product: Uncharacterized protein YebV => putative protein YebV
[18:21:58] Modify product: Probable transcriptional regulatory protein YebC => putative transcriptional regulatory protein YebC
[18:21:59] Modify product: UPF0126 inner membrane protein YicG => hypothetical protein
[18:21:59] Modify product: UPF0701 protein YicC => hypothetical protein
[18:21:59] Modify product: UPF0758 protein SP_1088 => hypothetical protein
[18:21:59] Modify product: Uncharacterized protein HI_0755 => putative protein
[18:21:59] Modify product: Uncharacterized protein YibN => putative protein YibN
[18:21:59] Modify product: Uncharacterized protein YibL => putative protein YibL
[18:21:59] Modify product: UPF0381 protein YiiS => hypothetical protein
[18:21:59] Modify product: UPF0761 membrane protein YihY => hypothetical protein
[18:21:59] Modify product: Uncharacterized protein YphB => putative protein YphB
[18:21:59] Modify product: Uncharacterized zinc-type alcohol dehydrogenase-like protein YjmD => putative zinc-type alcohol dehydrogenase-like protein YjmD
[18:21:59] Modify product: Uncharacterized protein YshB => putative protein YshB
[18:21:59] Modify product: Probable GTP-binding protein EngB => putative GTP-binding protein EngB
[18:21:59] Modify product: Probable acyltransferase YihG => putative acyltransferase YihG
[18:21:59] Modify product: Probable protein kinase UbiB => putative protein kinase UbiB
[18:21:59] Modify product: Uncharacterized protein YcjY => putative protein YcjY
[18:21:59] Modify product: UPF0283 membrane protein YcjF => hypothetical protein
[18:21:59] Modify product: Uncharacterized protein YcjX => putative protein YcjX
[18:21:59] Modify product: Uncharacterized protein HI_1162 => putative protein
[18:21:59] Modify product: UPF0509 protein YciZ => hypothetical protein
[18:21:59] Modify product: Uncharacterized protein YciH => putative protein YciH
[18:21:59] Modify product: Probable protease SohB => putative protease SohB
[18:21:59] Modify product: Uncharacterized oxidoreductase YciK => putative oxidoreductase YciK
[18:21:59] Modify product: Uncharacterized protein YciO => putative protein YciO
[18:21:59] Modify product: UPF0401 protein YkfF => hypothetical protein
[18:21:59] Modify product: Uncharacterized protein YggR => putative protein YggR
[18:21:59] Modify product: UPF0401 protein YkfF => hypothetical protein
[18:21:59] Modify product: Probable RNA polymerase sigma factor FecI => putative RNA polymerase sigma factor FecI
[18:21:59] Modify product: Uncharacterized protein YncE => putative protein YncE
[18:21:59] Modify product: Uncharacterized protein YdcY => putative protein YdcY
[18:21:59] Modify product: 23S rRNA 5-hydroxycytidine C2501 synthase => 23S rRNA 5-hydroxycytidine synthase
[18:21:59] Modify product: Uncharacterized ABC transporter ATP-binding protein YknY => putative ABC transporter ATP-binding protein YknY
[18:21:59] Modify product: UPF0265 protein YeeX => hypothetical protein
[18:21:59] Modify product: Probable transport protein YifK => putative transport protein YifK
[18:21:59] Modify product: Probable ECA polymerase => putative ECA polymerase
[18:21:59] Modify product: UPF0438 protein YifE => hypothetical protein
[18:21:59] Modify product: Probable transport protein HsrA => putative transport protein HsrA
[18:21:59] Modify product: Probable outer membrane usher protein ElfC => putative outer membrane usher protein ElfC
[18:21:59] Modify product: Uncharacterized fimbrial-like protein ElfG => putative fimbrial-like protein ElfG
[18:21:59] Modify product: Probable glucosamine-6-phosphate deaminase 2 => putative glucosamine-6-phosphate deaminase 2
[18:21:59] Modify product: UPF0167 protein CbrC => hypothetical protein
[18:21:59] Modify product: Probable 2-dehydro-3-deoxygalactonokinase DgoK1 => putative 2-dehydro-3-deoxygalactonokinase DgoK1
[18:21:59] Modify product: Uncharacterized symporter YidK => putative symporter YidK
[18:21:59] Modify product: Uncharacterized inner membrane transporter YicL => putative inner membrane transporter YicL
[18:21:59] Modify product: Probable L,D-transpeptidase ErfK/SrfK => putative L,D-transpeptidase ErfK/SrfK
[18:21:59] Modify product: Probable FMN/FAD exporter YeeO => putative FMN/FAD exporter YeeO
[18:21:59] Modify product: Probable transcriptional regulatory protein YeeN => putative transcriptional regulatory protein YeeN
[18:21:59] Modify product: Putative multidrug export ATP-binding/permease protein SAV1866 => Putative multidrug export ATP-binding/permease protein
[18:21:59] Modify product: Uncharacterized protein YedJ => putative protein YedJ
[18:21:59] Modify product: Uncharacterized inner membrane transporter YedA => putative inner membrane transporter YedA
[18:21:59] Modify product: Probable diguanylate cyclase DgcQ => putative diguanylate cyclase DgcQ
[18:21:59] Modify product: Probable diguanylate cyclase DgcQ => putative diguanylate cyclase DgcQ
[18:21:59] Modify product: UPF0098 protein YbcL => hypothetical protein
[18:21:59] Modify product: UPF0394 inner membrane protein YedE => hypothetical protein
[18:21:59] Modify product: Uncharacterized HTH-type transcriptional regulator HI_1476 => putative HTH-type transcriptional regulator
[18:21:59] Modify product: UPF0259 membrane protein YciC => hypothetical protein
[18:21:59] Modify product: Probable intracellular septation protein A => putative intracellular septation protein A
[18:21:59] Modify product: Uncharacterized acyl-CoA thioester hydrolase HI_0827 => putative acyl-CoA thioester hydrolase
[18:21:59] Modify product: UPF0263 protein YciU => hypothetical protein
[18:21:59] Modify product: UPF0056 inner membrane protein MarC => hypothetical protein
[18:21:59] Modify product: Uncharacterized NTE family protein Rv1063c => putative NTE family protein
[18:21:59] Modify product: UPF0225 protein YchJ => hypothetical protein
[18:21:59] Modify product: Uncharacterized protein YcgM => putative protein YcgM
[18:21:59] Modify product: Probable autotransporter ROD_p1121 => putative autotransporter
[18:21:59] Modify product: UPF0757 protein YmgG => hypothetical protein
[18:21:59] Modify product: Uncharacterized protein YmgD => putative protein YmgD
[18:21:59] Modify product: Probable cyclic di-GMP phosphodiesterase PdeG => putative cyclic di-GMP phosphodiesterase PdeG
[18:21:59] Modify product: Uncharacterized protein YmgC => putative protein YmgC
[18:21:59] Modify product: Probable two-component-system connector protein AriR => putative two-component-system connector protein AriR
[18:21:59] Modify product: Probable two-component-system connector protein YcgZ => putative two-component-system connector protein YcgZ
[18:21:59] Modify product: Uncharacterized protein YdfO => putative protein YdfO
[18:21:59] Modify product: Probable L,D-transpeptidase YcfS => putative L,D-transpeptidase YcfS
[18:21:59] Modify product: UPF0227 protein YcfP => hypothetical protein
[18:21:59] Modify product: Uncharacterized metal-dependent hydrolase YcfH => putative metal-dependent hydrolase YcfH
[18:22:00] Modify product: UPF0502 protein YceH => hypothetical protein
[18:22:00] Modify product: Uncharacterized lipoprotein YceB => putative lipoprotein YceB
[18:22:00] Modify product: Uncharacterized protein YceO => putative protein YceO
[18:22:00] Modify product: Cytochrome b561 homolog 2 => Cytochrome b561 
[18:22:00] Modify product: UPF0176 protein YceA => hypothetical protein
[18:22:00] Modify product: Probable phosphatase YcdX => putative phosphatase YcdX
[18:22:00] Modify product: Uncharacterized protein Rv3292 => putative protein
[18:22:00] Modify product: Uncharacterized protein YnbD => putative protein YnbD
[18:22:00] Modify product: Uncharacterized protein YnbC => putative protein YnbC
[18:22:00] Modify product: Probable DNA endonuclease SmrA => putative DNA endonuclease SmrA
[18:22:00] Cleaned 386 /product names
[18:22:00] Deleting unwanted file: prokka_output/ecoliX_.sprot.tmp.10592.faa
[18:22:00] Deleting unwanted file: prokka_output/ecoliX_.sprot.tmp.10592.blast
[18:22:00] There are still 1394 unannotated CDS left (started with 5106)
[18:22:00] Will use hmmer3 to search against /home/nvaulin/mambaforge-pypy3/envs/prokka_env/db/hmm/HAMAP.hmm with 8 CPUs
[18:22:00] Running: cat prokka_output\/ecoliX_\.HAMAP\.hmm\.tmp\.10592\.faa | parallel --gnu --plain -j 8 --block 21174 --recstart '>' --pipe hmmscan --noali --notextw --acc -E 1e-09 --cpu 1 /home/nvaulin/mambaforge-pypy3/envs/prokka_env/db/hmm/HAMAP.hmm /dev/stdin > prokka_output\/ecoliX_\.HAMAP\.hmm\.tmp\.10592\.hmmer3 2> /dev/null
[18:22:10] Modify product: Uncharacterized Nudix hydrolase NudL => putative Nudix hydrolase NudL
[18:22:10] Cleaned 1 /product names
[18:22:10] Deleting unwanted file: prokka_output/ecoliX_.HAMAP.hmm.tmp.10592.faa
[18:22:10] Deleting unwanted file: prokka_output/ecoliX_.HAMAP.hmm.tmp.10592.hmmer3
[18:22:10] Labelling remaining 1300 proteins as 'hypothetical protein'
[18:22:10] Possible /pseudo 'Cold shock-like protein CspG' at NODE_1_length_2558431_cov_75.185164 position 356755
[18:22:10] Possible /pseudo 'IS3 family transposase IS3' at NODE_1_length_2558431_cov_75.185164 position 402212
[18:22:10] Possible /pseudo 'General stress protein 16U' at NODE_1_length_2558431_cov_75.185164 position 472929
[18:22:10] Possible /pseudo 'putative protein YjgL' at NODE_1_length_2558431_cov_75.185164 position 528019
[18:22:10] Possible /pseudo 'Formate dehydrogenase H' at NODE_1_length_2558431_cov_75.185164 position 703183
[18:22:10] Possible /pseudo 'putative lipoprotein YajI' at NODE_1_length_2558431_cov_75.185164 position 1170954
[18:22:10] Possible /pseudo 'Protein RhsC' at NODE_1_length_2558431_cov_75.185164 position 1797267
[18:22:10] Possible /pseudo 'Periplasmic alpha-amylase' at NODE_1_length_2558431_cov_75.185164 position 1823929
[18:22:10] Possible /pseudo 'Small toxic polypeptide LdrD' at NODE_1_length_2558431_cov_75.185164 position 1866724
[18:22:10] Possible /pseudo 'D-tagatose-1,6-bisphosphate aldolase subunit GatZ' at NODE_2_length_1046849_cov_73.627364 position 93731
[18:22:10] Possible /pseudo 'Protease ElaD' at NODE_2_length_1046849_cov_73.627364 position 289994
[18:22:10] Possible /pseudo 'Glucarate dehydratase-related protein' at NODE_2_length_1046849_cov_73.627364 position 829963
[18:22:10] Possible /pseudo 'tRNA pseudouridine synthase C' at NODE_2_length_1046849_cov_73.627364 position 833028
[18:22:10] Possible /pseudo 'Methylmalonyl-CoA mutase' at NODE_2_length_1046849_cov_73.627364 position 978133
[18:22:10] Possible /pseudo 'Energy-coupling factor transporter ATP-binding protein EcfA1' at NODE_2_length_1046849_cov_73.627364 position 992893
[18:22:10] Possible /pseudo 'Formate dehydrogenase, nitrate-inducible, major subunit' at NODE_3_length_518954_cov_76.857003 position 22691
[18:22:10] Possible /pseudo 'IS6 family transposase IS26' at NODE_4_length_428221_cov_75.638017 position 7155
[18:22:10] Possible /pseudo 'PTS system mannose-specific EIIBCA component' at NODE_4_length_428221_cov_75.638017 position 130301
[18:22:10] Possible /pseudo 'Formate dehydrogenase-O major subunit' at NODE_4_length_428221_cov_75.638017 position 137466
[18:22:10] Possible /pseudo 'Cryptic beta-glucoside bgl operon antiterminator' at NODE_4_length_428221_cov_75.638017 position 323468
[18:22:10] Possible /pseudo '6-phospho-alpha-glucosidase' at NODE_4_length_428221_cov_75.638017 position 368188
[18:22:10] Possible /pseudo 'IS6 family transposase IS26' at NODE_4_length_428221_cov_75.638017 position 420095
[18:22:10] Possible /pseudo 'Serine protease SepA autotransporter' at NODE_5_length_215088_cov_74.613036 position 3133
[18:22:10] Possible /pseudo 'Multifunctional conjugation protein TraI' at NODE_5_length_215088_cov_74.613036 position 10958
[18:22:10] Possible /pseudo 'Outer membrane protein YedS' at NODE_5_length_215088_cov_74.613036 position 113737
[18:22:10] Possible /pseudo 'putative diguanylate cyclase DgcQ' at NODE_5_length_215088_cov_74.613036 position 121100
[18:22:10] Possible /pseudo 'Small toxic polypeptide LdrA' at NODE_6_length_209987_cov_72.294605 position 53399
[18:22:10] Possible /pseudo 'Hemolysin E, chromosomal' at NODE_6_length_209987_cov_72.294605 position 92488
[18:22:10] Possible /pseudo 'Hemolysin E, chromosomal' at NODE_6_length_209987_cov_72.294605 position 92931
[18:22:10] Possible /pseudo 'IS66 family transposase ISEc8' at NODE_9_length_25484_cov_99.328759 position 5447
[18:22:10] Found 3204 unique /gene codes.
[18:22:10] Fixed 2 duplicate /gene - fryB_1 fryB_2
[18:22:10] Fixed 2 duplicate /gene - oleD_1 oleD_2
[18:22:10] Fixed 2 duplicate /gene - nanE_1 nanE_2
[18:22:10] Fixed 2 duplicate /gene - gudX_1 gudX_2
[18:22:10] Fixed 3 duplicate /gene - rbsC_1 rbsC_2 rbsC_3
[18:22:10] Fixed 2 duplicate /gene - nanR_1 nanR_2
[18:22:10] Fixed 2 duplicate /gene - kbl_1 kbl_2
[18:22:10] Fixed 2 duplicate /gene - rfaY_1 rfaY_2
[18:22:10] Fixed 2 duplicate /gene - dgcQ_1 dgcQ_2
[18:22:10] Fixed 2 duplicate /gene - hha_1 hha_2
[18:22:10] Fixed 2 duplicate /gene - epsM_1 epsM_2
[18:22:10] Fixed 2 duplicate /gene - ydfO_1 ydfO_2
[18:22:10] Fixed 2 duplicate /gene - fdnG_1 fdnG_2
[18:22:10] Fixed 2 duplicate /gene - cusS_1 cusS_2
[18:22:10] Fixed 2 duplicate /gene - waaA_1 waaA_2
[18:22:10] Fixed 3 duplicate /gene - umuC_1 umuC_2 umuC_3
[18:22:10] Fixed 2 duplicate /gene - lgoT_1 lgoT_2
[18:22:10] Fixed 2 duplicate /gene - epsF_1 epsF_2
[18:22:10] Fixed 2 duplicate /gene - lldD_1 lldD_2
[18:22:10] Fixed 5 duplicate /gene - dmlR_1 dmlR_2 dmlR_3 dmlR_4 dmlR_5
[18:22:10] Fixed 2 duplicate /gene - hcpA_1 hcpA_2
[18:22:10] Fixed 2 duplicate /gene - rfaQ_1 rfaQ_2
[18:22:10] Fixed 2 duplicate /gene - sgrR_1 sgrR_2
[18:22:10] Fixed 2 duplicate /gene - sadB_1 sadB_2
[18:22:10] Fixed 3 duplicate /gene - fixB_1 fixB_2 fixB_3
[18:22:10] Fixed 2 duplicate /gene - mtlR_1 mtlR_2
[18:22:10] Fixed 2 duplicate /gene - dcuD_1 dcuD_2
[18:22:10] Fixed 2 duplicate /gene - ybcO_1 ybcO_2
[18:22:10] Fixed 2 duplicate /gene - php_1 php_2
[18:22:10] Fixed 2 duplicate /gene - bglG_1 bglG_2
[18:22:10] Fixed 2 duplicate /gene - purR_1 purR_2
[18:22:10] Fixed 2 duplicate /gene - alx_1 alx_2
[18:22:10] Fixed 2 duplicate /gene - proQ_1 proQ_2
[18:22:10] Fixed 2 duplicate /gene - yibA_1 yibA_2
[18:22:10] Fixed 2 duplicate /gene - ulaE_1 ulaE_2
[18:22:10] Fixed 2 duplicate /gene - hldD_1 hldD_2
[18:22:10] Fixed 2 duplicate /gene - yajI_1 yajI_2
[18:22:10] Fixed 3 duplicate /gene - klcA_1 klcA_2 klcA_3
[18:22:10] Fixed 2 duplicate /gene - manX_1 manX_2
[18:22:10] Fixed 2 duplicate /gene - noc_1 noc_2
[18:22:10] Fixed 2 duplicate /gene - fes_1 fes_2
[18:22:10] Fixed 2 duplicate /gene - gpsA_1 gpsA_2
[18:22:10] Fixed 2 duplicate /gene - lldP_1 lldP_2
[18:22:10] Fixed 3 duplicate /gene - umuD_1 umuD_2 umuD_3
[18:22:10] Fixed 2 duplicate /gene - sepA_1 sepA_2
[18:22:10] Fixed 2 duplicate /gene - chbC_1 chbC_2
[18:22:10] Fixed 2 duplicate /gene - yhhT_1 yhhT_2
[18:22:10] Fixed 2 duplicate /gene - tal_1 tal_2
[18:22:10] Fixed 2 duplicate /gene - yibL_1 yibL_2
[18:22:10] Fixed 2 duplicate /gene - idi_1 idi_2
[18:22:10] Fixed 3 duplicate /gene - tdh_1 tdh_2 tdh_3
[18:22:10] Fixed 2 duplicate /gene - cutC_1 cutC_2
[18:22:10] Fixed 2 duplicate /gene - ydjF_1 ydjF_2
[18:22:10] Fixed 2 duplicate /gene - traI_1 traI_2
[18:22:10] Fixed 2 duplicate /gene - chbA_1 chbA_2
[18:22:10] Fixed 2 duplicate /gene - rfaH_1 rfaH_2
[18:22:10] Fixed 2 duplicate /gene - ompD_1 ompD_2
[18:22:10] Fixed 2 duplicate /gene - spoT_1 spoT_2
[18:22:10] Fixed 2 duplicate /gene - scpA_1 scpA_2
[18:22:10] Fixed 3 duplicate /gene - dmsB_1 dmsB_2 dmsB_3
[18:22:10] Fixed 2 duplicate /gene - fdhF_1 fdhF_2
[18:22:10] Fixed 2 duplicate /gene - higB-2_1 higB-2_2
[18:22:10] Fixed 2 duplicate /gene - gmk_1 gmk_2
[18:22:10] Fixed 2 duplicate /gene - artM_1 artM_2
[18:22:10] Fixed 3 duplicate /gene - ais_1 ais_2 ais_3
[18:22:10] Fixed 2 duplicate /gene - yagU_1 yagU_2
[18:22:10] Fixed 2 duplicate /gene - dhfrI_1 dhfrI_2
[18:22:10] Fixed 3 duplicate /gene - por_1 por_2 por_3
[18:22:10] Fixed 2 duplicate /gene - cusR_1 cusR_2
[18:22:10] Fixed 2 duplicate /gene - acrR_1 acrR_2
[18:22:10] Fixed 2 duplicate /gene - elfC_1 elfC_2
[18:22:10] Fixed 2 duplicate /gene - yjgL_1 yjgL_2
[18:22:10] Fixed 2 duplicate /gene - gntK_1 gntK_2
[18:22:10] Fixed 2 duplicate /gene - yggR_1 yggR_2
[18:22:10] Fixed 2 duplicate /gene - dcuA_1 dcuA_2
[18:22:10] Fixed 2 duplicate /gene - mepM_1 mepM_2
[18:22:10] Fixed 2 duplicate /gene - flhA_1 flhA_2
[18:22:10] Fixed 2 duplicate /gene - mlc_1 mlc_2
[18:22:10] Fixed 2 duplicate /gene - glpG_1 glpG_2
[18:22:10] Fixed 2 duplicate /gene - yahB_1 yahB_2
[18:22:10] Fixed 2 duplicate /gene - lolD_1 lolD_2
[18:22:10] Fixed 2 duplicate /gene - rpmB_1 rpmB_2
[18:22:10] Fixed 2 duplicate /gene - papC_1 papC_2
[18:22:10] Fixed 2 duplicate /gene - cusF_1 cusF_2
[18:22:10] Fixed 3 duplicate /gene - potA_1 potA_2 potA_3
[18:22:10] Fixed 2 duplicate /gene - tfaE_1 tfaE_2
[18:22:10] Fixed 2 duplicate /gene - tmk_1 tmk_2
[18:22:10] Fixed 2 duplicate /gene - cspG_1 cspG_2
[18:22:10] Fixed 2 duplicate /gene - elfG_1 elfG_2
[18:22:10] Fixed 3 duplicate /gene - yhdJ_1 yhdJ_2 yhdJ_3
[18:22:10] Fixed 2 duplicate /gene - lapB_1 lapB_2
[18:22:10] Fixed 2 duplicate /gene - ssuC_1 ssuC_2
[18:22:10] Fixed 3 duplicate /gene - cynR_1 cynR_2 cynR_3
[18:22:10] Fixed 2 duplicate /gene - yedS_1 yedS_2
[18:22:10] Fixed 2 duplicate /gene - azoR_1 azoR_2
[18:22:10] Fixed 3 duplicate /gene - bhsA_1 bhsA_2 bhsA_3
[18:22:10] Fixed 2 duplicate /gene - nagB_1 nagB_2
[18:22:10] Fixed 2 duplicate /gene - fixA_1 fixA_2
[18:22:10] Fixed 2 duplicate /gene - topA_1 topA_2
[18:22:10] Fixed 4 duplicate /gene - rusA_1 rusA_2 rusA_3 rusA_4
[18:22:10] Fixed 3 duplicate /gene - norR_1 norR_2 norR_3
[18:22:10] Fixed 2 duplicate /gene - ftsA_1 ftsA_2
[18:22:10] Fixed 2 duplicate /gene - ygiW_1 ygiW_2
[18:22:10] Fixed 2 duplicate /gene - fic_1 fic_2
[18:22:10] Fixed 2 duplicate /gene - spaS_1 spaS_2
[18:22:10] Fixed 2 duplicate /gene - ydhX_1 ydhX_2
[18:22:10] Fixed 2 duplicate /gene - ydjE_1 ydjE_2
[18:22:10] Fixed 2 duplicate /gene - agaC_1 agaC_2
[18:22:10] Fixed 3 duplicate /gene - btuD_1 btuD_2 btuD_3
[18:22:10] Fixed 2 duplicate /gene - neo_1 neo_2
[18:22:10] Fixed 2 duplicate /gene - deoB_1 deoB_2
[18:22:10] Fixed 2 duplicate /gene - dut_1 dut_2
[18:22:10] Fixed 2 duplicate /gene - rsxB_1 rsxB_2
[18:22:10] Fixed 2 duplicate /gene - gatZ_1 gatZ_2
[18:22:10] Fixed 4 duplicate /gene - emrE_1 emrE_2 emrE_3 emrE_4
[18:22:10] Fixed 2 duplicate /gene - acs_1 acs_2
[18:22:10] Fixed 2 duplicate /gene - fryA_1 fryA_2
[18:22:10] Fixed 3 duplicate /gene - hin_1 hin_2 hin_3
[18:22:10] Fixed 2 duplicate /gene - yicI_1 yicI_2
[18:22:10] Fixed 2 duplicate /gene - rbsK_1 rbsK_2
[18:22:10] Fixed 2 duplicate /gene - rfaF_1 rfaF_2
[18:22:10] Fixed 2 duplicate /gene - kefC_1 kefC_2
[18:22:10] Fixed 2 duplicate /gene - malS_1 malS_2
[18:22:10] Fixed 2 duplicate /gene - aspT_1 aspT_2
[18:22:10] Fixed 2 duplicate /gene - yehB_1 yehB_2
[18:22:10] Fixed 2 duplicate /gene - fdrA_1 fdrA_2
[18:22:10] Fixed 2 duplicate /gene - psuK_1 psuK_2
[18:22:10] Fixed 2 duplicate /gene - yhaJ_1 yhaJ_2
[18:22:10] Fixed 2 duplicate /gene - pgrR_1 pgrR_2
[18:22:10] Fixed 3 duplicate /gene - hlyE_1 hlyE_2 hlyE_3
[18:22:10] Fixed 2 duplicate /gene - mglA_1 mglA_2
[18:22:10] Fixed 3 duplicate /gene - rrrD_1 rrrD_2 rrrD_3
[18:22:10] Fixed 2 duplicate /gene - rpoZ_1 rpoZ_2
[18:22:10] Fixed 2 duplicate /gene - rep_1 rep_2
[18:22:10] Fixed 2 duplicate /gene - bglA_1 bglA_2
[18:22:10] Fixed 2 duplicate /gene - rpmG_1 rpmG_2
[18:22:10] Fixed 2 duplicate /gene - slp_1 slp_2
[18:22:10] Fixed 3 duplicate /gene - ydcV_1 ydcV_2 ydcV_3
[18:22:10] Fixed 3 duplicate /gene - ygcS_1 ygcS_2 ygcS_3
[18:22:10] Fixed 2 duplicate /gene - htrL_1 htrL_2
[18:22:10] Fixed 2 duplicate /gene - pal_1 pal_2
[18:22:10] Fixed 2 duplicate /gene - rhtC_1 rhtC_2
[18:22:10] Fixed 2 duplicate /gene - aglB_1 aglB_2
[18:22:10] Fixed 2 duplicate /gene - rapA_1 rapA_2
[18:22:10] Fixed 2 duplicate /gene - rph_1 rph_2
[18:22:10] Fixed 2 duplicate /gene - fimA_1 fimA_2
[18:22:10] Fixed 3 duplicate /gene - repA_1 repA_2 repA_3
[18:22:10] Fixed 2 duplicate /gene - focC_1 focC_2
[18:22:10] Fixed 2 duplicate /gene - epsE_1 epsE_2
[18:22:10] Fixed 2 duplicate /gene - lon_1 lon_2
[18:22:10] Fixed 2 duplicate /gene - fruK_1 fruK_2
[18:22:10] Fixed 3 duplicate /gene - ssb_1 ssb_2 ssb_3
[18:22:10] Fixed 2 duplicate /gene - melR_1 melR_2
[18:22:10] Fixed 2 duplicate /gene - gpmI_1 gpmI_2
[18:22:10] Fixed 2 duplicate /gene - flu_1 flu_2
[18:22:10] Fixed 2 duplicate /gene - mepS_1 mepS_2
[18:22:10] Fixed 2 duplicate /gene - yjiE_1 yjiE_2
[18:22:10] Fixed 2 duplicate /gene - sbmC_1 sbmC_2
[18:22:10] Fixed 5 duplicate /gene - intS_1 intS_2 intS_3 intS_4 intS_5
[18:22:10] Fixed 2 duplicate /gene - intQ_1 intQ_2
[18:22:10] Fixed 2 duplicate /gene - pitA_1 pitA_2
[18:22:10] Fixed 3 duplicate /gene - trmH_1 trmH_2 trmH_3
[18:22:10] Fixed 2 duplicate /gene - tsaR_1 tsaR_2
[18:22:10] Fixed 2 duplicate /gene - tufB_1 tufB_2
[18:22:10] Fixed 2 duplicate /gene - gfcB_1 gfcB_2
[18:22:10] Fixed 2 duplicate /gene - nohA_1 nohA_2
[18:22:10] Fixed 2 duplicate /gene - gltC_1 gltC_2
[18:22:10] Fixed 2 duplicate /gene - ttdT_1 ttdT_2
[18:22:10] Fixed 2 duplicate /gene - dmsC_1 dmsC_2
[18:22:10] Fixed 2 duplicate /gene - coaA_1 coaA_2
[18:22:10] Fixed 2 duplicate /gene - prs_1 prs_2
[18:22:10] Fixed 5 duplicate /gene - folP_1 folP_2 folP_3 folP_4 folP_5
[18:22:10] Fixed 2 duplicate /gene - slmA_1 slmA_2
[18:22:10] Fixed 2 duplicate /gene - ccmF_1 ccmF_2
[18:22:10] Fixed 2 duplicate /gene - lptB_1 lptB_2
[18:22:10] Fixed 5 duplicate /gene - srlR_1 srlR_2 srlR_3 srlR_4 srlR_5
[18:22:10] Fixed 2 duplicate /gene - envC_1 envC_2
[18:22:10] Fixed 2 duplicate /gene - msbA_1 msbA_2
[18:22:10] Fixed 2 duplicate /gene - clpV1_1 clpV1_2
[18:22:10] Fixed 2 duplicate /gene - pyrE_1 pyrE_2
[18:22:10] Fixed 3 duplicate /gene - manZ_1 manZ_2 manZ_3
[18:22:10] Fixed 2 duplicate /gene - murR_1 murR_2
[18:22:10] Fixed 2 duplicate /gene - rtcB_1 rtcB_2
[18:22:10] Fixed 2 duplicate /gene - deoR_1 deoR_2
[18:22:10] Fixed 2 duplicate /gene - xerD_1 xerD_2
[18:22:10] Fixed 2 duplicate /gene - ldrA_1 ldrA_2
[18:22:10] Fixed 2 duplicate /gene - ubiJ_1 ubiJ_2
[18:22:10] Fixed 2 duplicate /gene - coaBC_1 coaBC_2
[18:22:10] Fixed 2 duplicate /gene - ydgA_1 ydgA_2
[18:22:10] Fixed 2 duplicate /gene - chuR_1 chuR_2
[18:22:10] Fixed 2 duplicate /gene - recD_1 recD_2
[18:22:10] Fixed 2 duplicate /gene - parM_1 parM_2
[18:22:10] Fixed 2 duplicate /gene - yibH_1 yibH_2
[18:22:10] Fixed 2 duplicate /gene - yibN_1 yibN_2
[18:22:10] Fixed 3 duplicate /gene - mtlA_1 mtlA_2 mtlA_3
[18:22:10] Fixed 2 duplicate /gene - ulaC_1 ulaC_2
[18:22:10] Fixed 2 duplicate /gene - acpP_1 acpP_2
[18:22:10] Fixed 2 duplicate /gene - elaD_1 elaD_2
[18:22:10] Fixed 2 duplicate /gene - ligB_1 ligB_2
[18:22:10] Fixed 2 duplicate /gene - bglF_1 bglF_2
[18:22:10] Fixed 2 duplicate /gene - mutM_1 mutM_2
[18:22:10] Fixed 2 duplicate /gene - yhcH_1 yhcH_2
[18:22:10] Fixed 5 duplicate /gene - yceD_1 yceD_2 yceD_3 yceD_4 yceD_5
[18:22:10] Fixed 2 duplicate /gene - srmB_1 srmB_2
[18:22:10] Fixed 2 duplicate /gene - abaF_1 abaF_2
[18:22:10] Fixed 2 duplicate /gene - arcC1_1 arcC1_2
[18:22:10] Fixed 2 duplicate /gene - ulaA_1 ulaA_2
[18:22:10] Fixed 2 duplicate /gene - ptsG_1 ptsG_2
[18:22:10] Fixed 2 duplicate /gene - xdhA_1 xdhA_2
[18:22:10] Fixed 2 duplicate /gene - pduV_1 pduV_2
[18:22:10] Fixed 10 duplicate /gene - xerC_1 xerC_2 xerC_3 xerC_4 xerC_5 xerC_6 xerC_7 xerC_8 xerC_9 xerC_10
[18:22:10] Fixed 2 duplicate /gene - mipA_1 mipA_2
[18:22:10] Fixed 3 duplicate /gene - yiaW_1 yiaW_2 yiaW_3
[18:22:10] Fixed 2 duplicate /gene - narL_1 narL_2
[18:22:10] Fixed 2 duplicate /gene - argE_1 argE_2
[18:22:10] Fixed 2 duplicate /gene - ybgD_1 ybgD_2
[18:22:10] Fixed 2 duplicate /gene - vapC_1 vapC_2
[18:22:10] Fixed 2 duplicate /gene - dnaK_1 dnaK_2
[18:22:10] Fixed 2 duplicate /gene - lptG_1 lptG_2
[18:22:10] Fixed 2 duplicate /gene - oxyR_1 oxyR_2
[18:22:10] Fixed 2 duplicate /gene - cysH_1 cysH_2
[18:22:10] Fixed 2 duplicate /gene - coaD_1 coaD_2
[18:22:10] Fixed 2 duplicate /gene - rfaP_1 rfaP_2
[18:22:10] Fixed 3 duplicate /gene - lldR_1 lldR_2 lldR_3
[18:22:10] Fixed 2 duplicate /gene - xanP_1 xanP_2
[18:22:10] Fixed 2 duplicate /gene - rlhA_1 rlhA_2
[18:22:10] Fixed 2 duplicate /gene - ybdO_1 ybdO_2
[18:22:10] Fixed 4 duplicate /gene - cysE_1 cysE_2 cysE_3 cysE_4
[18:22:10] Fixed 2 duplicate /gene - rfaC_1 rfaC_2
[18:22:10] Fixed 2 duplicate /gene - ldrD_1 ldrD_2
[18:22:10] Fixed 2 duplicate /gene - ampG_1 ampG_2
[18:22:10] Fixed 2 duplicate /gene - lutA_1 lutA_2
[18:22:10] Fixed 2 duplicate /gene - proA_1 proA_2
[18:22:10] Fixed 3 duplicate /gene - vgrG1_1 vgrG1_2 vgrG1_3
[18:22:10] Fixed 2 duplicate /gene - osmY_1 osmY_2
[18:22:10] Fixed 3 duplicate /gene - mngR_1 mngR_2 mngR_3
[18:22:10] Fixed 3 duplicate /gene - cusC_1 cusC_2 cusC_3
[18:22:10] Fixed 2 duplicate /gene - mtlD_1 mtlD_2
[18:22:10] Fixed 2 duplicate /gene - aaeA_1 aaeA_2
[18:22:10] Fixed 2 duplicate /gene - ftnA_1 ftnA_2
[18:22:10] Fixed 2 duplicate /gene - ydjZ_1 ydjZ_2
[18:22:10] Fixed 2 duplicate /gene - bioF_1 bioF_2
[18:22:10] Fixed 3 duplicate /gene - glnQ_1 glnQ_2 glnQ_3
[18:22:10] Fixed 2 duplicate /gene - secB_1 secB_2
[18:22:10] Fixed 2 duplicate /gene - bioD1_1 bioD1_2
[18:22:10] Fixed 2 duplicate /gene - cusA_1 cusA_2
[18:22:10] Fixed 3 duplicate /gene - arnC_1 arnC_2 arnC_3
[18:22:10] Fixed 2 duplicate /gene - lsrD_1 lsrD_2
[18:22:10] Fixed 3 duplicate /gene - fixX_1 fixX_2 fixX_3
[18:22:10] Fixed 2 duplicate /gene - ecfA1_1 ecfA1_2
[18:22:10] Fixed 2 duplicate /gene - caiT_1 caiT_2
[18:22:10] Fixed 2 duplicate /gene - grxC_1 grxC_2
[18:22:10] Fixed 4 duplicate /gene - hyfA_1 hyfA_2 hyfA_3 hyfA_4
[18:22:10] Fixed 2 duplicate /gene - pspB_1 pspB_2
[18:22:10] Fixed 2 duplicate /gene - dinI_1 dinI_2
[18:22:10] Fixed 2 duplicate /gene - cirA_1 cirA_2
[18:22:10] Fixed 2 duplicate /gene - rspA_1 rspA_2
[18:22:10] Fixed 2 duplicate /gene - ehaG_1 ehaG_2
[18:22:10] Fixed 2 duplicate /gene - trmL_1 trmL_2
[18:22:10] Fixed 2 duplicate /gene - lsrB_1 lsrB_2
[18:22:10] Fixed 5 duplicate /gene - rhaS_1 rhaS_2 rhaS_3 rhaS_4 rhaS_5
[18:22:10] Fixed 2 duplicate /gene - prfB_1 prfB_2
[18:22:10] Fixed 2 duplicate /gene - yicJ_1 yicJ_2
[18:22:10] Fixed 2 duplicate /gene - ulaB_1 ulaB_2
[18:22:10] Fixed 2 duplicate /gene - caiA_1 caiA_2
[18:22:10] Fixed 2 duplicate /gene - gltS_1 gltS_2
[18:22:10] Fixed 2 duplicate /gene - fucP_1 fucP_2
[18:22:10] Fixed 3 duplicate /gene - intA_1 intA_2 intA_3
[18:22:10] Fixed 2 duplicate /gene - yphB_1 yphB_2
[18:22:10] Fixed 4 duplicate /gene - lexA_1 lexA_2 lexA_3 lexA_4
[18:22:10] Fixed 2 duplicate /gene - recG_1 recG_2
[18:22:10] Fixed 2 duplicate /gene - hokE_1 hokE_2
[18:22:10] Fixed 2 duplicate /gene - gstB_1 gstB_2
[18:22:10] Fixed 2 duplicate /gene - lsrK_1 lsrK_2
[18:22:10] Fixed 3 duplicate /gene - hcaR_1 hcaR_2 hcaR_3
[18:22:10] Fixed 2 duplicate /gene - rob_1 rob_2
[18:22:10] Fixed 2 duplicate /gene - leuC_1 leuC_2
[18:22:10] Fixed 2 duplicate /gene - lacA_1 lacA_2
[18:22:10] Fixed 3 duplicate /gene - pncC_1 pncC_2 pncC_3
[18:22:10] Fixed 2 duplicate /gene - fdoG_1 fdoG_2
[18:22:10] Fixed 4 duplicate /gene - gspA_1 gspA_2 gspA_3 gspA_4
[18:22:10] Fixed 2 duplicate /gene - bla_1 bla_2
[18:22:10] Fixed 2 duplicate /gene - ytfJ_1 ytfJ_2
[18:22:10] Fixed 2 duplicate /gene - nlpD_1 nlpD_2
[18:22:10] Fixed 3 duplicate /gene - ndhB_1 ndhB_2 ndhB_3
[18:22:10] Fixed 2 duplicate /gene - truC_1 truC_2
[18:22:10] Fixed 2 duplicate /gene - kduD_1 kduD_2
[18:22:10] Fixed 2 duplicate /gene - ftsH_1 ftsH_2
[18:22:10] Fixed 2 duplicate /gene - kdgK_1 kdgK_2
[18:22:10] Fixed 2 duplicate /gene - rhsD_1 rhsD_2
[18:22:10] Fixed 2 duplicate /gene - higA_1 higA_2
[18:22:10] Fixed 2 duplicate /gene - copA_1 copA_2
[18:22:10] Fixed 2 duplicate /gene - rfaG_1 rfaG_2
[18:22:10] Fixed 2 duplicate /gene - tnpR_1 tnpR_2
[18:22:10] Fixed 2 duplicate /gene - hycG_1 hycG_2
[18:22:10] Fixed 2 duplicate /gene - cusB_1 cusB_2
[18:22:10] Fixed 3 duplicate /gene - era_1 era_2 era_3
[18:22:10] Fixed 2 duplicate /gene - psiB_1 psiB_2
[18:22:10] Fixed 3 duplicate /gene - manP_1 manP_2 manP_3
[18:22:10] Fixed 2 duplicate /gene - acrB_1 acrB_2
[18:22:10] Fixed 2 duplicate /gene - hdfR_1 hdfR_2
[18:22:10] Fixed 2 duplicate /gene - malP_1 malP_2
[18:22:10] Fixed 2 duplicate /gene - aaeB_1 aaeB_2
[18:22:10] Fixed 2 duplicate /gene - ygdR_1 ygdR_2
[18:22:10] Fixed 3 duplicate /gene - bglH_1 bglH_2 bglH_3
[18:22:10] Fixed 3 duplicate /gene - gntR_1 gntR_2 gntR_3
[18:22:10] Fixed 2 duplicate /gene - yrdA_1 yrdA_2
[18:22:10] Fixed 2 duplicate /gene - ccmH_1 ccmH_2
[18:22:10] Fixed 2 duplicate /gene - gadX_1 gadX_2
[18:22:10] Fixed 5 duplicate /gene - rhsC_1 rhsC_2 rhsC_3 rhsC_4 rhsC_5
[18:22:10] Fixed 2 duplicate /gene - cdgI_1 cdgI_2
[18:22:10] Fixed 2 duplicate /gene - silE_1 silE_2
[18:22:10] Fixed 2 duplicate /gene - ndhI_1 ndhI_2
[18:22:10] Fixed 4 duplicate /gene - rhaR_1 rhaR_2 rhaR_3 rhaR_4
[18:22:10] Fixed 2 duplicate /gene - fdnH_1 fdnH_2
[18:22:10] Fixed 2 duplicate /gene - dnaC_1 dnaC_2
[18:22:10] Fixed 2 duplicate /gene - mdh_1 mdh_2
[18:22:10] Fixed 3 duplicate /gene - ompX_1 ompX_2 ompX_3
[18:22:10] Fixed 4 duplicate /gene - mshA_1 mshA_2 mshA_3 mshA_4
[18:22:10] Fixed 2 duplicate /gene - pdhR_1 pdhR_2
[18:22:10] Fixed 320 colliding /gene names.
[18:22:10] Adding /locus_tag identifiers
[18:22:10] Assigned 5195 locus_tags to CDS and RNA features.
[18:22:10] Writing outputs to prokka_output/
[18:22:15] Generating annotation statistics file
[18:22:15] Generating Genbank and Sequin files
[18:22:15] Running: tbl2asn -V b -a r10k -l paired-ends -M n -N 1 -y 'Annotated using prokka 1.14.6 from https://github.com/tseemann/prokka' -Z prokka_output\/ecoliX_\.err -i prokka_output\/ecoliX_\.fsa 2> /dev/null
[18:22:59] Deleting unwanted file: prokka_output/errorsummary.val
[18:22:59] Deleting unwanted file: prokka_output/ecoliX_.dr
[18:22:59] Deleting unwanted file: prokka_output/ecoliX_.fixedproducts
[18:22:59] Deleting unwanted file: prokka_output/ecoliX_.ecn
[18:22:59] Deleting unwanted file: prokka_output/ecoliX_.val
[18:22:59] Repairing broken .GBK output that tbl2asn produces...
[18:22:59] Running: sed 's/COORDINATES: profile/COORDINATES:profile/' < prokka_output\/ecoliX_\.gbf > prokka_output\/ecoliX_\.gbk
[18:22:59] Deleting unwanted file: prokka_output/ecoliX_.gbf
[18:22:59] Output files:
[18:22:59] prokka_output/ecoliX_.err
[18:22:59] prokka_output/ecoliX_.faa
[18:22:59] prokka_output/ecoliX_.ffn
[18:22:59] prokka_output/ecoliX_.fna
[18:22:59] prokka_output/ecoliX_.fsa
[18:22:59] prokka_output/ecoliX_.gbk
[18:22:59] prokka_output/ecoliX_.gff
[18:22:59] prokka_output/ecoliX_.log
[18:22:59] prokka_output/ecoliX_.sqn
[18:22:59] prokka_output/ecoliX_.tbl
[18:22:59] prokka_output/ecoliX_.tsv
[18:22:59] prokka_output/ecoliX_.txt
[18:22:59] Annotation finished successfully.
[18:22:59] Walltime used: 3.02 minutes
[18:22:59] If you use this result please cite the Prokka paper:
[18:22:59] Seemann T (2014) Prokka: rapid prokaryotic genome annotation. Bioinformatics. 30(14):2068-9.
[18:22:59] Type 'prokka --citation' for more details.
[18:22:59] Share and enjoy!
